2025-04-07T19:44:56.821+03:00  INFO 19488 --- [signalseek] [main] com.furkantokgoz.SignalseekApplication   : Starting SignalseekApplication using Java 23.0.2 with PID 19488 (C:\furkanWorks\signalseek\target\classes started by Admin in C:\furkanWorks\signalseek)
2025-04-07T19:44:56.832+03:00  INFO 19488 --- [signalseek] [main] com.furkantokgoz.SignalseekApplication   : No active profile set, falling back to 1 default profile: "default"
2025-04-07T19:44:58.508+03:00  INFO 19488 --- [signalseek] [main] .s.d.r.c.RepositoryConfigurationDelegate : Bootstrapping Spring Data JPA repositories in DEFAULT mode.
2025-04-07T19:44:58.620+03:00  INFO 19488 --- [signalseek] [main] .s.d.r.c.RepositoryConfigurationDelegate : Finished Spring Data repository scanning in 94 ms. Found 2 JPA repository interfaces.
2025-04-07T19:44:59.568+03:00  INFO 19488 --- [signalseek] [main] o.s.b.w.embedded.tomcat.TomcatWebServer  : Tomcat initialized with port 8080 (http)
2025-04-07T19:44:59.590+03:00  INFO 19488 --- [signalseek] [main] o.apache.catalina.core.StandardService   : Starting service [Tomcat]
2025-04-07T19:44:59.591+03:00  INFO 19488 --- [signalseek] [main] o.apache.catalina.core.StandardEngine    : Starting Servlet engine: [Apache Tomcat/10.1.39]
2025-04-07T19:44:59.674+03:00  INFO 19488 --- [signalseek] [main] o.a.c.c.C.[Tomcat].[localhost].[/]       : Initializing Spring embedded WebApplicationContext
2025-04-07T19:44:59.675+03:00  INFO 19488 --- [signalseek] [main] w.s.c.ServletWebServerApplicationContext : Root WebApplicationContext: initialization completed in 2706 ms
2025-04-07T19:44:59.905+03:00  INFO 19488 --- [signalseek] [main] com.zaxxer.hikari.HikariDataSource       : HikariPool-1 - Starting...
2025-04-07T19:45:00.284+03:00  INFO 19488 --- [signalseek] [main] com.zaxxer.hikari.pool.HikariPool        : HikariPool-1 - Added connection conn0: url=jdbc:h2:mem:testdb user=SA
2025-04-07T19:45:00.292+03:00  INFO 19488 --- [signalseek] [main] com.zaxxer.hikari.HikariDataSource       : HikariPool-1 - Start completed.
2025-04-07T19:45:00.367+03:00  INFO 19488 --- [signalseek] [main] o.hibernate.jpa.internal.util.LogHelper  : HHH000204: Processing PersistenceUnitInfo [name: default]
2025-04-07T19:45:00.476+03:00  INFO 19488 --- [signalseek] [main] org.hibernate.Version                    : HHH000412: Hibernate ORM core version 6.6.11.Final
2025-04-07T19:45:00.547+03:00  INFO 19488 --- [signalseek] [main] o.h.c.internal.RegionFactoryInitiator    : HHH000026: Second-level cache disabled
2025-04-07T19:45:01.029+03:00  INFO 19488 --- [signalseek] [main] o.s.o.j.p.SpringPersistenceUnitInfo      : No LoadTimeWeaver setup: ignoring JPA class transformer
2025-04-07T19:45:01.109+03:00  WARN 19488 --- [signalseek] [main] org.hibernate.orm.deprecation            : HHH90000025: H2Dialect does not need to be specified explicitly using 'hibernate.dialect' (remove the property setting and it will be selected by default)
2025-04-07T19:45:01.137+03:00  INFO 19488 --- [signalseek] [main] org.hibernate.orm.connections.pooling    : HHH10001005: Database info:
	Database JDBC URL [Connecting through datasource 'HikariDataSource (HikariPool-1)']
	Database driver: undefined/unknown
	Database version: 2.3.232
	Autocommit mode: undefined/unknown
	Isolation level: undefined/unknown
	Minimum pool size: undefined/unknown
	Maximum pool size: undefined/unknown
2025-04-07T19:45:02.438+03:00  INFO 19488 --- [signalseek] [main] o.h.e.t.j.p.i.JtaPlatformInitiator       : HHH000489: No JTA platform available (set 'hibernate.transaction.jta.platform' to enable JTA platform integration)
2025-04-07T19:45:02.502+03:00  INFO 19488 --- [signalseek] [main] j.LocalContainerEntityManagerFactoryBean : Initialized JPA EntityManagerFactory for persistence unit 'default'
2025-04-07T19:45:03.201+03:00  WARN 19488 --- [signalseek] [main] JpaBaseConfiguration$JpaWebConfiguration : spring.jpa.open-in-view is enabled by default. Therefore, database queries may be performed during view rendering. Explicitly configure spring.jpa.open-in-view to disable this warning
2025-04-07T19:45:03.984+03:00  INFO 19488 --- [signalseek] [main] o.s.b.a.h2.H2ConsoleAutoConfiguration    : H2 console available at '/h2-console'. Database available at 'jdbc:h2:mem:testdb'
2025-04-07T19:45:04.083+03:00  INFO 19488 --- [signalseek] [main] .w.s.a.s.AnnotationActionEndpointMapping : Supporting [WS-Addressing August 2004, WS-Addressing 1.0]
2025-04-07T19:45:04.150+03:00  INFO 19488 --- [signalseek] [main] o.s.b.w.embedded.tomcat.TomcatWebServer  : Tomcat started on port 8080 (http) with context path '/'
2025-04-07T19:45:04.159+03:00  INFO 19488 --- [signalseek] [main] com.furkantokgoz.SignalseekApplication   : Started SignalseekApplication in 8.234 seconds (process running for 11.894)
2025-04-07T19:45:22.522+03:00  INFO 19488 --- [signalseek] [http-nio-8080-exec-1] o.a.c.c.C.[Tomcat].[localhost].[/]       : Initializing Spring DispatcherServlet 'dispatcherServlet'
2025-04-07T19:45:22.524+03:00  INFO 19488 --- [signalseek] [http-nio-8080-exec-1] o.s.web.servlet.DispatcherServlet        : Initializing Servlet 'dispatcherServlet'
2025-04-07T19:45:22.527+03:00  INFO 19488 --- [signalseek] [http-nio-8080-exec-1] o.s.web.servlet.DispatcherServlet        : Completed initialization in 3 ms
2025-04-07T19:45:23.121+03:00 ERROR 19488 --- [signalseek] [http-nio-8080-exec-1] c.f.exception.GlobalExceptionHandler     : room123 not found not found
2025-04-07T19:45:29.574+03:00  INFO 19488 --- [signalseek] [http-nio-8080-exec-7] c.f.controller.RoomController            : room123 room created
2025-04-07T19:45:38.710+03:00  INFO 19488 --- [signalseek] [http-nio-8080-exec-4] c.f.controller.UserController            : User created: UserDto(id=0, userKey=admin156, ipAddress=128.0.0.1, latitude=12.3, longitude=10.5123, roomKey=room123)
2025-04-07T19:47:03.066+03:00  INFO 19488 --- [signalseek] [http-nio-8080-exec-3] c.f.controller.RoomController            : getAllRooms called
2025-04-07T19:47:14.272+03:00  INFO 19488 --- [signalseek] [http-nio-8080-exec-9] c.f.controller.UserController            : User found: admin156
2025-04-07T19:47:51.637+03:00  INFO 19488 --- [signalseek] [http-nio-8080-exec-10] c.f.controller.UserController            : User found: admin156
2025-04-07T19:48:00.838+03:00  INFO 19488 --- [signalseek] [http-nio-8080-exec-2] c.f.controller.UserController            : User found: room123
2025-04-07T19:48:12.797+03:00  INFO 19488 --- [signalseek] [SpringApplicationShutdownHook] o.s.b.w.e.tomcat.GracefulShutdown        : Commencing graceful shutdown. Waiting for active requests to complete
2025-04-07T19:48:12.825+03:00  INFO 19488 --- [signalseek] [tomcat-shutdown] o.s.b.w.e.tomcat.GracefulShutdown        : Graceful shutdown complete
2025-04-07T19:48:12.899+03:00  INFO 19488 --- [signalseek] [SpringApplicationShutdownHook] j.LocalContainerEntityManagerFactoryBean : Closing JPA EntityManagerFactory for persistence unit 'default'
2025-04-07T19:48:12.924+03:00  INFO 19488 --- [signalseek] [SpringApplicationShutdownHook] com.zaxxer.hikari.HikariDataSource       : HikariPool-1 - Shutdown initiated...
2025-04-07T19:48:12.932+03:00  INFO 19488 --- [signalseek] [SpringApplicationShutdownHook] com.zaxxer.hikari.HikariDataSource       : HikariPool-1 - Shutdown completed.
